{"C:\\Users\\HP\\Documents\\FT-49\\M2\\PM2-Cris-hr\\challenge-testing\\tests\\index.js": {"path":"C:\\Users\\HP\\Documents\\FT-49\\M2\\PM2-Cris-hr\\challenge-testing\\tests\\index.js","statementMap":{"0":{"start":{"line":6,"column":4},"end":{"line":6,"column":24}},"1":{"start":{"line":10,"column":4},"end":{"line":10,"column":34}},"2":{"start":{"line":14,"column":22},"end":{"line":14,"column":23}},"3":{"start":{"line":15,"column":4},"end":{"line":17,"column":5}},"4":{"start":{"line":16,"column":6},"end":{"line":16,"column":37}},"5":{"start":{"line":18,"column":4},"end":{"line":18,"column":23}},"6":{"start":{"line":22,"column":24},"end":{"line":22,"column":44}},"7":{"start":{"line":23,"column":22},"end":{"line":23,"column":54}},"8":{"start":{"line":24,"column":4},"end":{"line":24,"column":35}},"9":{"start":{"line":28,"column":0},"end":{"line":28,"column":31}}},"fnMap":{"0":{"name":"(anonymous_0)","decl":{"start":{"line":5,"column":2},"end":{"line":5,"column":3}},"loc":{"start":{"line":5,"column":16},"end":{"line":7,"column":3}},"line":5},"1":{"name":"(anonymous_1)","decl":{"start":{"line":9,"column":2},"end":{"line":9,"column":3}},"loc":{"start":{"line":9,"column":28},"end":{"line":11,"column":3}},"line":9},"2":{"name":"(anonymous_2)","decl":{"start":{"line":13,"column":2},"end":{"line":13,"column":3}},"loc":{"start":{"line":13,"column":18},"end":{"line":19,"column":3}},"line":13},"3":{"name":"(anonymous_3)","decl":{"start":{"line":21,"column":2},"end":{"line":21,"column":3}},"loc":{"start":{"line":21,"column":31},"end":{"line":25,"column":3}},"line":21}},"branchMap":{},"s":{"0":5,"1":6,"2":3,"3":3,"4":6,"5":3,"6":2,"7":2,"8":2,"9":1},"f":{"0":5,"1":6,"2":3,"3":2},"b":{},"_coverageSchema":"1a1c01bbd47fc00a2c39e90264f33305004495a9","hash":"cb1e2d572feed1496f2152f59e241c075255388d"}
}
